<?xml version="1.0" encoding="UTF-8"?>
<!-- Generated by org.testng.reporters.JUnitReportReporter -->
<testsuite skipped="0" hostname="LAPTOP-7D05K7NP" name="qaclickacademy.Mavenjava.AppiumTest" tests="2" failures="0" timestamp="2020-04-05T02:33:26 IST" time="0.004" errors="0">
  <testcase name="NativeAppAndroid" time="0.000" classname="qaclickacademy.Mavenjava.AppiumTest"/>
  <system-out/>
  <testcase name="IOSApps" time="0.004" classname="qaclickacademy.Mavenjava.AppiumTest"/>
  <system-out/>
</testsuite> <!-- qaclickacademy.Mavenjava.AppiumTest -->
