<?xml version="1.0" encoding="UTF-8"?>
<!-- Generated by org.testng.reporters.JUnitReportReporter -->
<testsuite skipped="0" hostname="LAPTOP-7D05K7NP" name="qaclickacademy.AppiumTest" tests="2" failures="0" timestamp="2020-04-05T03:02:09 IST" time="0.000" errors="0">
  <testcase name="IOSApps" time="0.000" classname="qaclickacademy.AppiumTest"/>
  <system-out/>
  <testcase name="NativeAppAndroid" time="0.000" classname="qaclickacademy.AppiumTest"/>
  <system-out/>
</testsuite> <!-- qaclickacademy.AppiumTest -->
