<?xml version="1.0" encoding="UTF-8"?>
<!-- Generated by org.testng.reporters.JUnitReportReporter -->
<testsuite skipped="0" hostname="LAPTOP-7D05K7NP" name="qaclickacademy.Mavenjava.RESTAPITest" tests="2" failures="0" timestamp="2020-04-05T02:33:26 IST" time="0.000" errors="0">
  <testcase name="deletetwitter" time="0.000" classname="qaclickacademy.Mavenjava.RESTAPITest"/>
  <system-out/>
  <testcase name="postJira" time="0.000" classname="qaclickacademy.Mavenjava.RESTAPITest"/>
  <system-out/>
</testsuite> <!-- qaclickacademy.Mavenjava.RESTAPITest -->
